c:\users\yousuvic\documents\github\cpp_babel\gui_babel\win32\debug\vc120.pdb
c:\users\yousuvic\documents\github\cpp_babel\gui_babel\win32\debug\callwidget.obj
c:\users\yousuvic\documents\github\cpp_babel\gui_babel\win32\debug\babelgui.obj
c:\users\yousuvic\documents\github\cpp_babel\gui_babel\win32\debug\worker.obj
c:\users\yousuvic\documents\github\cpp_babel\gui_babel\win32\debug\moc_worker.obj
c:\users\yousuvic\documents\github\cpp_babel\gui_babel\win32\debug\moc_waitingspinnerwidget.obj
c:\users\yousuvic\documents\github\cpp_babel\gui_babel\win32\debug\moc_slidingstackedwidget.obj
c:\users\yousuvic\documents\github\cpp_babel\gui_babel\win32\debug\moc_homewidget.obj
c:\users\yousuvic\documents\github\cpp_babel\gui_babel\win32\debug\moc_conversationwidget.obj
c:\users\yousuvic\documents\github\cpp_babel\gui_babel\win32\debug\moc_connectionwidget.obj
c:\users\yousuvic\documents\github\cpp_babel\gui_babel\win32\debug\moc_callwidget.obj
c:\users\yousuvic\documents\github\cpp_babel\gui_babel\win32\debug\moc_babelgui.obj
c:\users\yousuvic\documents\github\cpp_babel\gui_babel\win32\debug\udpexchangewin.obj
c:\users\yousuvic\documents\github\cpp_babel\gui_babel\win32\debug\udpexchangelinux.obj
c:\users\yousuvic\documents\github\cpp_babel\gui_babel\win32\debug\protocol.obj
c:\users\yousuvic\documents\github\cpp_babel\gui_babel\win32\debug\networkservices.obj
c:\users\yousuvic\documents\github\cpp_babel\gui_babel\win32\debug\encodemanager.obj
c:\users\yousuvic\documents\github\cpp_babel\gui_babel\win32\debug\clienttcpwin.obj
c:\users\yousuvic\documents\github\cpp_babel\gui_babel\win32\debug\clienttcplinux.obj
c:\users\yousuvic\documents\github\cpp_babel\gui_babel\win32\debug\clientcontroller.obj
c:\users\yousuvic\documents\github\cpp_babel\gui_babel\win32\debug\audiomanager.obj
c:\users\yousuvic\documents\github\cpp_babel\gui_babel\win32\debug\waitingspinnerwidget.obj
c:\users\yousuvic\documents\github\cpp_babel\gui_babel\win32\debug\slidingstackedwidget.obj
c:\users\yousuvic\documents\github\cpp_babel\gui_babel\win32\debug\main.obj
c:\users\yousuvic\documents\github\cpp_babel\gui_babel\win32\debug\homewidget.obj
c:\users\yousuvic\documents\github\cpp_babel\gui_babel\win32\debug\conversationwidget.obj
c:\users\yousuvic\documents\github\cpp_babel\gui_babel\win32\debug\connectionwidget.obj
c:\users\yousuvic\documents\github\cpp_babel\gui_babel\win32\debug\qrc_babelgui.obj
c:\users\yousuvic\documents\github\cpp_babel\gui_babel\bin\client_babel.lib
c:\users\yousuvic\documents\github\cpp_babel\gui_babel\bin\client_babel.exp
c:\users\yousuvic\documents\github\cpp_babel\gui_babel\generatedfiles\ui_babelgui.h
c:\users\yousuvic\documents\github\cpp_babel\gui_babel\generatedfiles\ui_callwidget.h
c:\users\yousuvic\documents\github\cpp_babel\gui_babel\generatedfiles\ui_connectionwidget.h
c:\users\yousuvic\documents\github\cpp_babel\gui_babel\generatedfiles\ui_conversationwidget.h
c:\users\yousuvic\documents\github\cpp_babel\gui_babel\generatedfiles\ui_homewidget.h
c:\users\yousuvic\documents\github\cpp_babel\gui_babel\generatedfiles\qrc_babelgui.cpp
c:\users\yousuvic\documents\github\cpp_babel\gui_babel\generatedfiles\debug\moc_worker.cpp
c:\users\yousuvic\documents\github\cpp_babel\gui_babel\generatedfiles\debug\moc_babelgui.cpp
c:\users\yousuvic\documents\github\cpp_babel\gui_babel\generatedfiles\debug\moc_callwidget.cpp
c:\users\yousuvic\documents\github\cpp_babel\gui_babel\generatedfiles\debug\moc_connectionwidget.cpp
c:\users\yousuvic\documents\github\cpp_babel\gui_babel\generatedfiles\debug\moc_conversationwidget.cpp
c:\users\yousuvic\documents\github\cpp_babel\gui_babel\generatedfiles\debug\moc_homewidget.cpp
c:\users\yousuvic\documents\github\cpp_babel\gui_babel\generatedfiles\debug\moc_slidingstackedwidget.cpp
c:\users\yousuvic\documents\github\cpp_babel\gui_babel\generatedfiles\debug\moc_waitingspinnerwidget.cpp
c:\users\yousuvic\documents\github\cpp_babel\gui_babel\bin\client_babel.ilk
c:\users\yousuvic\documents\github\cpp_babel\gui_babel\bin\client_babel.exe
c:\users\yousuvic\documents\github\cpp_babel\gui_babel\bin\client_babel.pdb
c:\users\yousuvic\documents\github\cpp_babel\gui_babel\win32\debug\client_babel.tlog\cl.command.1.tlog
c:\users\yousuvic\documents\github\cpp_babel\gui_babel\win32\debug\client_babel.tlog\cl.read.1.tlog
c:\users\yousuvic\documents\github\cpp_babel\gui_babel\win32\debug\client_babel.tlog\cl.write.1.tlog
c:\users\yousuvic\documents\github\cpp_babel\gui_babel\win32\debug\client_babel.tlog\client_babel.write.1u.tlog
c:\users\yousuvic\documents\github\cpp_babel\gui_babel\win32\debug\client_babel.tlog\custombuild.command.1.tlog
c:\users\yousuvic\documents\github\cpp_babel\gui_babel\win32\debug\client_babel.tlog\custombuild.read.1.tlog
c:\users\yousuvic\documents\github\cpp_babel\gui_babel\win32\debug\client_babel.tlog\custombuild.write.1.tlog
c:\users\yousuvic\documents\github\cpp_babel\gui_babel\win32\debug\client_babel.tlog\link.command.1.tlog
c:\users\yousuvic\documents\github\cpp_babel\gui_babel\win32\debug\client_babel.tlog\link.read.1.tlog
c:\users\yousuvic\documents\github\cpp_babel\gui_babel\win32\debug\client_babel.tlog\link.write.1.tlog
