c:\users\yousuvic\documents\github\cpp_babel\client\client\debug\vc120.pdb
c:\users\yousuvic\documents\github\cpp_babel\client\client\debug\vc120.idb
c:\users\yousuvic\documents\github\cpp_babel\client\client\debug\audiomanager.obj
c:\users\yousuvic\documents\github\cpp_babel\client\client\debug\clientcontroller.obj
c:\users\yousuvic\documents\github\cpp_babel\client\client\debug\clienttcpwin.obj
c:\users\yousuvic\documents\github\cpp_babel\client\client\debug\encodemanager.obj
c:\users\yousuvic\documents\github\cpp_babel\client\client\debug\main.obj
c:\users\yousuvic\documents\github\cpp_babel\client\client\debug\networkservices.obj
c:\users\yousuvic\documents\github\cpp_babel\client\client\debug\protocol.obj
c:\users\yousuvic\documents\github\cpp_babel\client\client\debug\udpexchangelinux.obj
c:\users\yousuvic\documents\github\cpp_babel\client\client\debug\udpexchangewin.obj
c:\users\yousuvic\documents\github\cpp_babel\client\bin\client.lib
c:\users\yousuvic\documents\github\cpp_babel\client\bin\client.exp
c:\users\yousuvic\documents\github\cpp_babel\client\bin\client.ilk
c:\users\yousuvic\documents\github\cpp_babel\client\bin\client.exe
c:\users\yousuvic\documents\github\cpp_babel\client\bin\client.pdb
c:\users\yousuvic\documents\github\cpp_babel\client\client\..\bin\client.exe
c:\users\yousuvic\documents\github\cpp_babel\client\client\debug\client.tlog\cl.command.1.tlog
c:\users\yousuvic\documents\github\cpp_babel\client\client\debug\client.tlog\cl.read.1.tlog
c:\users\yousuvic\documents\github\cpp_babel\client\client\debug\client.tlog\cl.write.1.tlog
c:\users\yousuvic\documents\github\cpp_babel\client\client\debug\client.tlog\client.write.1u.tlog
c:\users\yousuvic\documents\github\cpp_babel\client\client\debug\client.tlog\link.command.1.tlog
c:\users\yousuvic\documents\github\cpp_babel\client\client\debug\client.tlog\link.read.1.tlog
c:\users\yousuvic\documents\github\cpp_babel\client\client\debug\client.tlog\link.write.1.tlog
